<?xml version="1.0" encoding="UTF-8"?>
<!-- Generated by org.testng.reporters.JUnitReportReporter -->
<testsuite hostname="fitris-MacBook-Pro-2.local" failures="0" tests="1" name="tests.BusTicketOnlineTest" time="21.764" errors="0" timestamp="2024-12-06T06:25:14 WIB" skipped="0">
  <testcase classname="tests.BusTicketOnlineTest" name="testBookingSearch" time="21.764"/>
</testsuite> <!-- tests.BusTicketOnlineTest -->
